{"uuid":"130c75bd-8ce7-4375-b92f-2dd913d93575","historyId":"42b86949bdd13099cd7021ab627c70b6","fullName":"test.Tests01_RegistrationAndLogin_Mobile.test03_loginInvalidPassword","labels":[{"name":"package","value":"test.Tests01_RegistrationAndLogin_Mobile"},{"name":"testClass","value":"test.Tests01_RegistrationAndLogin_Mobile"},{"name":"testMethod","value":"test03_loginInvalidPassword"},{"name":"parentSuite","value":"Default Suite"},{"name":"suite","value":"BuymeMobileAutomation_Appium"},{"name":"subSuite","value":"test.Tests01_RegistrationAndLogin_Mobile"},{"name":"host","value":"Avishay_Avraham"},{"name":"thread","value":"25692@Avishay_Avraham.main(3)"},{"name":"framework","value":"testng"},{"name":"language","value":"java"}],"links":[],"name":"test03_loginInvalidPassword","status":"failed","statusDetails":{"known":false,"muted":false,"flaky":false,"message":"The following asserts failed:\n\tElement not found – cannot verify text ","trace":"java.lang.AssertionError: The following asserts failed:\n\tElement not found – cannot verify text \r\n\tat org.testng.asserts.SoftAssert.assertAll(SoftAssert.java:46)\r\n\tat org.testng.asserts.SoftAssert.assertAll(SoftAssert.java:30)\r\n\tat verifications.Verifications.assertAll(Verifications.java:96)\r\n\tat test.Tests01_RegistrationAndLogin_Mobile.test03_loginInvalidPassword(Tests01_RegistrationAndLogin_Mobile.java:43)\r\n\tat java.base/jdk.internal.reflect.DirectMethodHandleAccessor.invoke(DirectMethodHandleAccessor.java:104)\r\n\tat java.base/java.lang.reflect.Method.invoke(Method.java:565)\r\n\tat org.testng.internal.invokers.MethodInvocationHelper.invokeMethod(MethodInvocationHelper.java:139)\r\n\tat org.testng.internal.invokers.TestInvoker.invokeMethod(TestInvoker.java:664)\r\n\tat org.testng.internal.invokers.TestInvoker.invokeTestMethod(TestInvoker.java:228)\r\n\tat org.testng.internal.invokers.MethodRunner.runInSequence(MethodRunner.java:63)\r\n\tat org.testng.internal.invokers.TestInvoker$MethodInvocationAgent.invoke(TestInvoker.java:961)\r\n\tat org.testng.internal.invokers.TestInvoker.invokeTestMethods(TestInvoker.java:201)\r\n\tat org.testng.internal.invokers.TestMethodWorker.invokeTestMethods(TestMethodWorker.java:148)\r\n\tat org.testng.internal.invokers.TestMethodWorker.run(TestMethodWorker.java:128)\r\n\tat java.base/java.util.ArrayList.forEach(ArrayList.java:1604)\r\n\tat org.testng.TestRunner.privateRun(TestRunner.java:819)\r\n\tat org.testng.TestRunner.run(TestRunner.java:619)\r\n\tat org.testng.SuiteRunner.runTest(SuiteRunner.java:443)\r\n\tat org.testng.SuiteRunner.runSequentially(SuiteRunner.java:437)\r\n\tat org.testng.SuiteRunner.privateRun(SuiteRunner.java:397)\r\n\tat org.testng.SuiteRunner.run(SuiteRunner.java:336)\r\n\tat org.testng.SuiteRunnerWorker.runSuite(SuiteRunnerWorker.java:52)\r\n\tat org.testng.SuiteRunnerWorker.run(SuiteRunnerWorker.java:95)\r\n\tat org.testng.TestNG.runSuitesSequentially(TestNG.java:1301)\r\n\tat org.testng.TestNG.runSuitesLocally(TestNG.java:1228)\r\n\tat org.testng.TestNG.runSuites(TestNG.java:1134)\r\n\tat org.testng.TestNG.run(TestNG.java:1101)\r\n\tat com.intellij.rt.testng.IDEARemoteTestNG.run(IDEARemoteTestNG.java:65)\r\n\tat com.intellij.rt.testng.RemoteTestNGStarter.main(RemoteTestNGStarter.java:105)\r\n"},"stage":"finished","steps":[{"name":"Close popup","status":"passed","stage":"finished","steps":[],"attachments":[],"parameters":[],"start":1749988428674,"stop":1749988430889},{"name":"Click - \"Login\" - button","status":"passed","stage":"finished","steps":[],"attachments":[],"parameters":[],"start":1749988430889,"stop":1749988433514},{"name":"Select - register by google","status":"passed","stage":"finished","steps":[],"attachments":[],"parameters":[],"start":1749988433514,"stop":1749988435186},{"name":"Select - register by google","status":"passed","stage":"finished","steps":[],"attachments":[],"parameters":[{"name":"emailAccount","value":"Avishay2011@gmail.com"}],"start":1749988435188,"stop":1749988438397},{"name":"Click enter button ","status":"passed","stage":"finished","steps":[],"attachments":[],"parameters":[],"start":1749988438398,"stop":1749988440094},{"name":"getTextInvalidPasswordErrorMessage","status":"passed","stage":"finished","steps":[{"name":"❌ Failed to get text from element: By.id: il.co.mintapp.buyme:id/error_tv → Expected condition failed: waiting for visibility of element located by By.id: il.co.mintapp.buyme:id/error_tv (tried for 10 second(s) with 500 milliseconds interval)\nBuild info: version: '4.19.1', revision: 'abe0ee07dc'\nSystem info: os.name: 'Windows 11', os.arch: 'amd64', os.version: '10.0', java.version: '24.0.1'\nDriver info: io.appium.java_client.android.AndroidDriver\nCapabilities {appium:appActivity: il.co.mintapp.buyme/.activi..., appium:appPackage: il.co.mintapp.buyme, appium:autoGrantPermissions: true, appium:automationName: UIAutomator2, appium:databaseEnabled: false, appium:desired: {appActivity: , appPackage: il.co.mintapp.buyme, autoGrantPermissions: true, automationName: UIAutomator2, deviceName: androidDevice, newCommandTimeout: 720, platformName: ANDROID, resetKeyboard: true, udid: RF8R42F61LA, unicodeKeyBoard: true}, appium:deviceApiLevel: 33, appium:deviceManufacturer: samsung, appium:deviceModel: SM-G780G, appium:deviceName: RF8R42F61LA, appium:deviceScreenDensity: 480, appium:deviceScreenSize: 1080x2400, appium:deviceUDID: RF8R42F61LA, appium:javascriptEnabled: true, appium:locationContextEnabled: false, appium:networkConnectionEnabled: true, appium:newCommandTimeout: 720, appium:pixelRatio: 3, appium:platformVersion: 13, appium:resetKeyboard: true, appium:statBarHeight: 88, appium:takesScreenshot: true, appium:udid: RF8R42F61LA, appium:unicodeKeyBoard: true, appium:viewportRect: {height: 2312, left: 0, top: 88, width: 1080}, appium:warnings: {}, appium:webStorageEnabled: false, platformName: ANDROID}\nSession ID: 0dbec202-2335-4e68-ab9d-809301791934","status":"failed","stage":"finished","steps":[],"attachments":[],"parameters":[],"start":1749988471681,"stop":1749988471681}],"attachments":[{"name":"Screenshot - 2025-06-15_14-54-31","source":"23c270d3-2038-435a-897f-2af92dec98b1-attachment"}],"parameters":[],"start":1749988440095,"stop":1749988472146},{"name":"Verify text equals : Test WrongError message ","status":"passed","stage":"finished","steps":[{"name":"Expected :קוד שגוי, יש לנסות שוב","status":"passed","stage":"finished","steps":[],"attachments":[],"parameters":[],"start":1749988472146,"stop":1749988472146},{"name":"Actual :Web element not found","status":"passed","stage":"finished","steps":[],"attachments":[],"parameters":[],"start":1749988472146,"stop":1749988472146},{"name":"❌ Cannot verify text : element not found ","status":"failed","stage":"finished","steps":[],"attachments":[],"parameters":[],"start":1749988472146,"stop":1749988472146}],"attachments":[{"name":"Screenshot - 2025-06-15_14-54-32","source":"76cef100-b74e-48d9-984c-0d9328b1442c-attachment"}],"parameters":[{"name":"actual","value":"Web element not found"},{"name":"expected","value":"קוד שגוי, יש לנסות שוב"},{"name":"elementName","value":"Test WrongError message "}],"start":1749988472146,"stop":1749988472578},{"name":"Assert all soft assertions","status":"failed","statusDetails":{"known":false,"muted":false,"flaky":false,"message":"The following asserts failed:\n\tElement not found – cannot verify text ","trace":"java.lang.AssertionError: The following asserts failed:\n\tElement not found – cannot verify text \r\n\tat org.testng.asserts.SoftAssert.assertAll(SoftAssert.java:46)\r\n\tat org.testng.asserts.SoftAssert.assertAll(SoftAssert.java:30)\r\n\tat verifications.Verifications.assertAll(Verifications.java:96)\r\n\tat test.Tests01_RegistrationAndLogin_Mobile.test03_loginInvalidPassword(Tests01_RegistrationAndLogin_Mobile.java:43)\r\n\tat java.base/jdk.internal.reflect.DirectMethodHandleAccessor.invoke(DirectMethodHandleAccessor.java:104)\r\n\tat java.base/java.lang.reflect.Method.invoke(Method.java:565)\r\n\tat org.testng.internal.invokers.MethodInvocationHelper.invokeMethod(MethodInvocationHelper.java:139)\r\n\tat org.testng.internal.invokers.TestInvoker.invokeMethod(TestInvoker.java:664)\r\n\tat org.testng.internal.invokers.TestInvoker.invokeTestMethod(TestInvoker.java:228)\r\n\tat org.testng.internal.invokers.MethodRunner.runInSequence(MethodRunner.java:63)\r\n\tat org.testng.internal.invokers.TestInvoker$MethodInvocationAgent.invoke(TestInvoker.java:961)\r\n\tat org.testng.internal.invokers.TestInvoker.invokeTestMethods(TestInvoker.java:201)\r\n\tat org.testng.internal.invokers.TestMethodWorker.invokeTestMethods(TestMethodWorker.java:148)\r\n\tat org.testng.internal.invokers.TestMethodWorker.run(TestMethodWorker.java:128)\r\n\tat java.base/java.util.ArrayList.forEach(ArrayList.java:1604)\r\n\tat org.testng.TestRunner.privateRun(TestRunner.java:819)\r\n\tat org.testng.TestRunner.run(TestRunner.java:619)\r\n\tat org.testng.SuiteRunner.runTest(SuiteRunner.java:443)\r\n\tat org.testng.SuiteRunner.runSequentially(SuiteRunner.java:437)\r\n\tat org.testng.SuiteRunner.privateRun(SuiteRunner.java:397)\r\n\tat org.testng.SuiteRunner.run(SuiteRunner.java:336)\r\n\tat org.testng.SuiteRunnerWorker.runSuite(SuiteRunnerWorker.java:52)\r\n\tat org.testng.SuiteRunnerWorker.run(SuiteRunnerWorker.java:95)\r\n\tat org.testng.TestNG.runSuitesSequentially(TestNG.java:1301)\r\n\tat org.testng.TestNG.runSuitesLocally(TestNG.java:1228)\r\n\tat org.testng.TestNG.runSuites(TestNG.java:1134)\r\n\tat org.testng.TestNG.run(TestNG.java:1101)\r\n\tat com.intellij.rt.testng.IDEARemoteTestNG.run(IDEARemoteTestNG.java:65)\r\n\tat com.intellij.rt.testng.RemoteTestNGStarter.main(RemoteTestNGStarter.java:105)\r\n"},"stage":"finished","steps":[],"attachments":[],"parameters":[],"start":1749988472578,"stop":1749988472580}],"attachments":[],"parameters":[],"start":1749988428674,"stop":1749988472581}