{"uuid":"9b04dac0-f297-4b05-b711-ad585aa96c24","historyId":"afe52035eab659016ae69e09efa1e5bd","fullName":"test.Tests01_RegistrationAndLogin_Mobile.test02_loginInvalidUserName","labels":[{"name":"package","value":"test.Tests01_RegistrationAndLogin_Mobile"},{"name":"testClass","value":"test.Tests01_RegistrationAndLogin_Mobile"},{"name":"testMethod","value":"test02_loginInvalidUserName"},{"name":"parentSuite","value":"Default Suite"},{"name":"suite","value":"BuymeMobileAutomation_Appium"},{"name":"subSuite","value":"test.Tests01_RegistrationAndLogin_Mobile"},{"name":"host","value":"Avishay_Avraham"},{"name":"thread","value":"25356@Avishay_Avraham.main(3)"},{"name":"framework","value":"testng"},{"name":"language","value":"java"}],"links":[],"name":"test02_loginInvalidUserName","status":"broken","statusDetails":{"known":false,"muted":false,"flaky":false,"message":"Keys to send should be a not null CharSequence","trace":"java.lang.IllegalArgumentException: Keys to send should be a not null CharSequence\r\n\tat org.openqa.selenium.remote.RemoteWebElement.sendKeys(RemoteWebElement.java:96)\r\n\tat page_Objects.BasePage.sendKeys(BasePage.java:49)\r\n\tat page_Objects.RegistrationPage_Step1_InsertEmail.insertEmailAccount(RegistrationPage_Step1_InsertEmail.java:61)\r\n\tat flows.RegistrationAndLogin_Flows.performLoginByEmail(RegistrationAndLogin_Flows.java:39)\r\n\tat flows.RegistrationAndLogin_Flows.loginInvalidUserNameFlow(RegistrationAndLogin_Flows.java:45)\r\n\tat test.Tests01_RegistrationAndLogin_Mobile.test02_loginInvalidUserName(Tests01_RegistrationAndLogin_Mobile.java:20)\r\n\tat java.base/jdk.internal.reflect.DirectMethodHandleAccessor.invoke(DirectMethodHandleAccessor.java:104)\r\n\tat java.base/java.lang.reflect.Method.invoke(Method.java:565)\r\n\tat org.testng.internal.invokers.MethodInvocationHelper.invokeMethod(MethodInvocationHelper.java:139)\r\n\tat org.testng.internal.invokers.TestInvoker.invokeMethod(TestInvoker.java:664)\r\n\tat org.testng.internal.invokers.TestInvoker.invokeTestMethod(TestInvoker.java:228)\r\n\tat org.testng.internal.invokers.MethodRunner.runInSequence(MethodRunner.java:63)\r\n\tat org.testng.internal.invokers.TestInvoker$MethodInvocationAgent.invoke(TestInvoker.java:961)\r\n\tat org.testng.internal.invokers.TestInvoker.invokeTestMethods(TestInvoker.java:201)\r\n\tat org.testng.internal.invokers.TestMethodWorker.invokeTestMethods(TestMethodWorker.java:148)\r\n\tat org.testng.internal.invokers.TestMethodWorker.run(TestMethodWorker.java:128)\r\n\tat java.base/java.util.ArrayList.forEach(ArrayList.java:1604)\r\n\tat org.testng.TestRunner.privateRun(TestRunner.java:819)\r\n\tat org.testng.TestRunner.run(TestRunner.java:619)\r\n\tat org.testng.SuiteRunner.runTest(SuiteRunner.java:443)\r\n\tat org.testng.SuiteRunner.runSequentially(SuiteRunner.java:437)\r\n\tat org.testng.SuiteRunner.privateRun(SuiteRunner.java:397)\r\n\tat org.testng.SuiteRunner.run(SuiteRunner.java:336)\r\n\tat org.testng.SuiteRunnerWorker.runSuite(SuiteRunnerWorker.java:52)\r\n\tat org.testng.SuiteRunnerWorker.run(SuiteRunnerWorker.java:95)\r\n\tat org.testng.TestNG.runSuitesSequentially(TestNG.java:1301)\r\n\tat org.testng.TestNG.runSuitesLocally(TestNG.java:1228)\r\n\tat org.testng.TestNG.runSuites(TestNG.java:1134)\r\n\tat org.testng.TestNG.run(TestNG.java:1101)\r\n\tat com.intellij.rt.testng.IDEARemoteTestNG.run(IDEARemoteTestNG.java:65)\r\n\tat com.intellij.rt.testng.RemoteTestNGStarter.main(RemoteTestNGStarter.java:105)\r\n"},"stage":"finished","steps":[{"name":"Close popup","status":"passed","stage":"finished","steps":[],"attachments":[],"parameters":[],"start":1750009222001,"stop":1750009225519},{"name":"Click - \"Login\" - button","status":"passed","stage":"finished","steps":[],"attachments":[],"parameters":[],"start":1750009225519,"stop":1750009227216},{"name":"Select - register by google","status":"passed","stage":"finished","steps":[],"attachments":[],"parameters":[],"start":1750009227216,"stop":1750009228915},{"name":"Select - register by google","status":"broken","statusDetails":{"known":false,"muted":false,"flaky":false,"message":"Keys to send should be a not null CharSequence","trace":"java.lang.IllegalArgumentException: Keys to send should be a not null CharSequence\r\n\tat org.openqa.selenium.remote.RemoteWebElement.sendKeys(RemoteWebElement.java:96)\r\n\tat page_Objects.BasePage.sendKeys(BasePage.java:49)\r\n\tat page_Objects.RegistrationPage_Step1_InsertEmail.insertEmailAccount(RegistrationPage_Step1_InsertEmail.java:61)\r\n\tat flows.RegistrationAndLogin_Flows.performLoginByEmail(RegistrationAndLogin_Flows.java:39)\r\n\tat flows.RegistrationAndLogin_Flows.loginInvalidUserNameFlow(RegistrationAndLogin_Flows.java:45)\r\n\tat test.Tests01_RegistrationAndLogin_Mobile.test02_loginInvalidUserName(Tests01_RegistrationAndLogin_Mobile.java:20)\r\n\tat java.base/jdk.internal.reflect.DirectMethodHandleAccessor.invoke(DirectMethodHandleAccessor.java:104)\r\n\tat java.base/java.lang.reflect.Method.invoke(Method.java:565)\r\n\tat org.testng.internal.invokers.MethodInvocationHelper.invokeMethod(MethodInvocationHelper.java:139)\r\n\tat org.testng.internal.invokers.TestInvoker.invokeMethod(TestInvoker.java:664)\r\n\tat org.testng.internal.invokers.TestInvoker.invokeTestMethod(TestInvoker.java:228)\r\n\tat org.testng.internal.invokers.MethodRunner.runInSequence(MethodRunner.java:63)\r\n\tat org.testng.internal.invokers.TestInvoker$MethodInvocationAgent.invoke(TestInvoker.java:961)\r\n\tat org.testng.internal.invokers.TestInvoker.invokeTestMethods(TestInvoker.java:201)\r\n\tat org.testng.internal.invokers.TestMethodWorker.invokeTestMethods(TestMethodWorker.java:148)\r\n\tat org.testng.internal.invokers.TestMethodWorker.run(TestMethodWorker.java:128)\r\n\tat java.base/java.util.ArrayList.forEach(ArrayList.java:1604)\r\n\tat org.testng.TestRunner.privateRun(TestRunner.java:819)\r\n\tat org.testng.TestRunner.run(TestRunner.java:619)\r\n\tat org.testng.SuiteRunner.runTest(SuiteRunner.java:443)\r\n\tat org.testng.SuiteRunner.runSequentially(SuiteRunner.java:437)\r\n\tat org.testng.SuiteRunner.privateRun(SuiteRunner.java:397)\r\n\tat org.testng.SuiteRunner.run(SuiteRunner.java:336)\r\n\tat org.testng.SuiteRunnerWorker.runSuite(SuiteRunnerWorker.java:52)\r\n\tat org.testng.SuiteRunnerWorker.run(SuiteRunnerWorker.java:95)\r\n\tat org.testng.TestNG.runSuitesSequentially(TestNG.java:1301)\r\n\tat org.testng.TestNG.runSuitesLocally(TestNG.java:1228)\r\n\tat org.testng.TestNG.runSuites(TestNG.java:1134)\r\n\tat org.testng.TestNG.run(TestNG.java:1101)\r\n\tat com.intellij.rt.testng.IDEARemoteTestNG.run(IDEARemoteTestNG.java:65)\r\n\tat com.intellij.rt.testng.RemoteTestNGStarter.main(RemoteTestNGStarter.java:105)\r\n"},"stage":"finished","steps":[],"attachments":[],"parameters":[{"name":"emailAccount","value":"null"}],"start":1750009228919,"stop":1750009230735}],"attachments":[],"parameters":[],"start":1750009221999,"stop":1750009230735}