{"uuid":"b4c2f7f2-967b-4e96-b805-78ec7c5d42d2","historyId":"afe52035eab659016ae69e09efa1e5bd","fullName":"test.Tests01_RegistrationAndLogin_Mobile.test02_loginInvalidUserName","labels":[{"name":"package","value":"test.Tests01_RegistrationAndLogin_Mobile"},{"name":"testClass","value":"test.Tests01_RegistrationAndLogin_Mobile"},{"name":"testMethod","value":"test02_loginInvalidUserName"},{"name":"parentSuite","value":"Default Suite"},{"name":"suite","value":"BuymeMobileAutomation_Appium"},{"name":"subSuite","value":"test.Tests01_RegistrationAndLogin_Mobile"},{"name":"host","value":"Avishay_Avraham"},{"name":"thread","value":"1436@Avishay_Avraham.main(3)"},{"name":"framework","value":"testng"},{"name":"language","value":"java"}],"links":[],"name":"test02_loginInvalidUserName","status":"broken","statusDetails":{"known":false,"muted":false,"flaky":false,"message":"Cannot invoke \"org.testng.asserts.SoftAssert.assertEquals(String, String, String)\" because \"this.softAssert\" is null","trace":"java.lang.NullPointerException: Cannot invoke \"org.testng.asserts.SoftAssert.assertEquals(String, String, String)\" because \"this.softAssert\" is null\r\n\tat verifications.Verifications.verifyTextEquals(Verifications.java:39)\r\n\tat flows.RegistrationAndLogin_Flows.loginInvalidUserName(RegistrationAndLogin_Flows.java:40)\r\n\tat test.Tests01_RegistrationAndLogin_Mobile.test02_loginInvalidUserName(Tests01_RegistrationAndLogin_Mobile.java:22)\r\n\tat java.base/jdk.internal.reflect.DirectMethodHandleAccessor.invoke(DirectMethodHandleAccessor.java:104)\r\n\tat java.base/java.lang.reflect.Method.invoke(Method.java:565)\r\n\tat org.testng.internal.invokers.MethodInvocationHelper.invokeMethod(MethodInvocationHelper.java:139)\r\n\tat org.testng.internal.invokers.TestInvoker.invokeMethod(TestInvoker.java:664)\r\n\tat org.testng.internal.invokers.TestInvoker.invokeTestMethod(TestInvoker.java:228)\r\n\tat org.testng.internal.invokers.MethodRunner.runInSequence(MethodRunner.java:63)\r\n\tat org.testng.internal.invokers.TestInvoker$MethodInvocationAgent.invoke(TestInvoker.java:961)\r\n\tat org.testng.internal.invokers.TestInvoker.invokeTestMethods(TestInvoker.java:201)\r\n\tat org.testng.internal.invokers.TestMethodWorker.invokeTestMethods(TestMethodWorker.java:148)\r\n\tat org.testng.internal.invokers.TestMethodWorker.run(TestMethodWorker.java:128)\r\n\tat java.base/java.util.ArrayList.forEach(ArrayList.java:1604)\r\n\tat org.testng.TestRunner.privateRun(TestRunner.java:819)\r\n\tat org.testng.TestRunner.run(TestRunner.java:619)\r\n\tat org.testng.SuiteRunner.runTest(SuiteRunner.java:443)\r\n\tat org.testng.SuiteRunner.runSequentially(SuiteRunner.java:437)\r\n\tat org.testng.SuiteRunner.privateRun(SuiteRunner.java:397)\r\n\tat org.testng.SuiteRunner.run(SuiteRunner.java:336)\r\n\tat org.testng.SuiteRunnerWorker.runSuite(SuiteRunnerWorker.java:52)\r\n\tat org.testng.SuiteRunnerWorker.run(SuiteRunnerWorker.java:95)\r\n\tat org.testng.TestNG.runSuitesSequentially(TestNG.java:1301)\r\n\tat org.testng.TestNG.runSuitesLocally(TestNG.java:1228)\r\n\tat org.testng.TestNG.runSuites(TestNG.java:1134)\r\n\tat org.testng.TestNG.run(TestNG.java:1101)\r\n\tat com.intellij.rt.testng.IDEARemoteTestNG.run(IDEARemoteTestNG.java:65)\r\n\tat com.intellij.rt.testng.RemoteTestNGStarter.main(RemoteTestNGStarter.java:105)\r\n"},"stage":"finished","steps":[{"name":"Close popup","status":"passed","stage":"finished","steps":[],"attachments":[],"parameters":[],"start":1749998968182,"stop":1749998970028},{"name":"Click - \"Login\" - button","status":"passed","stage":"finished","steps":[],"attachments":[],"parameters":[],"start":1749998970029,"stop":1749998971678},{"name":"Select - register by google","status":"passed","stage":"finished","steps":[],"attachments":[],"parameters":[],"start":1749998971679,"stop":1749998973314},{"name":"Select - register by google","status":"passed","stage":"finished","steps":[],"attachments":[],"parameters":[{"name":"emailAccount","value":"AAAA"}],"start":1749998973323,"stop":1749998976654},{"name":"Click enter button ","status":"passed","stage":"finished","steps":[],"attachments":[],"parameters":[],"start":1749998976655,"stop":1749998978261},{"name":"getTextInvalidEmailErrorMessage","status":"passed","stage":"finished","steps":[],"attachments":[{"name":"Text from element","source":"6e5ae617-790c-4112-bc76-46d6dcb2a3e3-attachment.txt","type":"text/plain"}],"parameters":[],"start":1749998978261,"stop":1749998979866},{"name":"Verify text equals : {elementName}","status":"broken","statusDetails":{"known":false,"muted":false,"flaky":false,"message":"Cannot invoke \"org.testng.asserts.SoftAssert.assertEquals(String, String, String)\" because \"this.softAssert\" is null","trace":"java.lang.NullPointerException: Cannot invoke \"org.testng.asserts.SoftAssert.assertEquals(String, String, String)\" because \"this.softAssert\" is null\r\n\tat verifications.Verifications.verifyTextEquals(Verifications.java:39)\r\n\tat flows.RegistrationAndLogin_Flows.loginInvalidUserName(RegistrationAndLogin_Flows.java:40)\r\n\tat test.Tests01_RegistrationAndLogin_Mobile.test02_loginInvalidUserName(Tests01_RegistrationAndLogin_Mobile.java:22)\r\n\tat java.base/jdk.internal.reflect.DirectMethodHandleAccessor.invoke(DirectMethodHandleAccessor.java:104)\r\n\tat java.base/java.lang.reflect.Method.invoke(Method.java:565)\r\n\tat org.testng.internal.invokers.MethodInvocationHelper.invokeMethod(MethodInvocationHelper.java:139)\r\n\tat org.testng.internal.invokers.TestInvoker.invokeMethod(TestInvoker.java:664)\r\n\tat org.testng.internal.invokers.TestInvoker.invokeTestMethod(TestInvoker.java:228)\r\n\tat org.testng.internal.invokers.MethodRunner.runInSequence(MethodRunner.java:63)\r\n\tat org.testng.internal.invokers.TestInvoker$MethodInvocationAgent.invoke(TestInvoker.java:961)\r\n\tat org.testng.internal.invokers.TestInvoker.invokeTestMethods(TestInvoker.java:201)\r\n\tat org.testng.internal.invokers.TestMethodWorker.invokeTestMethods(TestMethodWorker.java:148)\r\n\tat org.testng.internal.invokers.TestMethodWorker.run(TestMethodWorker.java:128)\r\n\tat java.base/java.util.ArrayList.forEach(ArrayList.java:1604)\r\n\tat org.testng.TestRunner.privateRun(TestRunner.java:819)\r\n\tat org.testng.TestRunner.run(TestRunner.java:619)\r\n\tat org.testng.SuiteRunner.runTest(SuiteRunner.java:443)\r\n\tat org.testng.SuiteRunner.runSequentially(SuiteRunner.java:437)\r\n\tat org.testng.SuiteRunner.privateRun(SuiteRunner.java:397)\r\n\tat org.testng.SuiteRunner.run(SuiteRunner.java:336)\r\n\tat org.testng.SuiteRunnerWorker.runSuite(SuiteRunnerWorker.java:52)\r\n\tat org.testng.SuiteRunnerWorker.run(SuiteRunnerWorker.java:95)\r\n\tat org.testng.TestNG.runSuitesSequentially(TestNG.java:1301)\r\n\tat org.testng.TestNG.runSuitesLocally(TestNG.java:1228)\r\n\tat org.testng.TestNG.runSuites(TestNG.java:1134)\r\n\tat org.testng.TestNG.run(TestNG.java:1101)\r\n\tat com.intellij.rt.testng.IDEARemoteTestNG.run(IDEARemoteTestNG.java:65)\r\n\tat com.intellij.rt.testng.RemoteTestNGStarter.main(RemoteTestNGStarter.java:105)\r\n"},"stage":"finished","steps":[{"name":"Expected :המייל לא תקין","status":"passed","stage":"finished","steps":[],"attachments":[],"parameters":[],"start":1749998979869,"stop":1749998979869},{"name":"Actual :המייל לא תקין","status":"passed","stage":"finished","steps":[],"attachments":[],"parameters":[],"start":1749998979869,"stop":1749998979869}],"attachments":[],"parameters":[{"name":"actual","value":"המייל לא תקין"},{"name":"expected","value":"המייל לא תקין"},{"name":"description","value":"Test Wrong Email Error message "}],"start":1749998979869,"stop":1749998979870}],"attachments":[],"parameters":[],"start":1749998968153,"stop":1749998979874}