{"uuid":"b92a4500-adf0-404e-87d5-0b7e27640936","historyId":"6697a41bc94ef93ba0cb01d3e5cb0b64","fullName":"test.Tests04_CheckGiftCardBalance_Mobile.test01_WrongGiftCardCodeErrorMessage","labels":[{"name":"package","value":"test.Tests04_CheckGiftCardBalance_Mobile"},{"name":"testClass","value":"test.Tests04_CheckGiftCardBalance_Mobile"},{"name":"testMethod","value":"test01_WrongGiftCardCodeErrorMessage"},{"name":"parentSuite","value":"Default Suite"},{"name":"suite","value":"BuymeMobileAutomation_Appium"},{"name":"subSuite","value":"test.Tests04_CheckGiftCardBalance_Mobile"},{"name":"host","value":"Avishay_Avraham"},{"name":"thread","value":"23924@Avishay_Avraham.main(3)"},{"name":"framework","value":"testng"},{"name":"language","value":"java"}],"links":[],"name":"test01_WrongGiftCardCodeErrorMessage","status":"broken","statusDetails":{"known":false,"muted":false,"flaky":false,"message":"An element could not be located on the page using the given search parameters.\nFor documentation on this error, please visit: https://www.selenium.dev/documentation/webdriver/troubleshooting/errors#no-such-element-exception\nBuild info: version: '4.19.1', revision: 'abe0ee07dc'\nSystem info: os.name: 'Windows 11', os.arch: 'amd64', os.version: '10.0', java.version: '24.0.1'\nDriver info: io.appium.java_client.android.AndroidDriver\nCommand: [b8f2b004-5c50-4003-9160-8762e0010be6, findElement {using=id, value=il.co.mintapp.buyme:id/addVoucherButton}]\nCapabilities {appium:appActivity: il.co.mintapp.buyme/.activi..., appium:appPackage: il.co.mintapp.buyme, appium:autoGrantPermissions: true, appium:automationName: UIAutomator2, appium:databaseEnabled: false, appium:desired: {appActivity: , appPackage: il.co.mintapp.buyme, autoGrantPermissions: true, automationName: UIAutomator2, deviceName: androidDevice, newCommandTimeout: 720, platformName: ANDROID, resetKeyboard: true, udid: RF8R42F61LA, unicodeKeyBoard: true}, appium:deviceApiLevel: 33, appium:deviceManufacturer: samsung, appium:deviceModel: SM-G780G, appium:deviceName: RF8R42F61LA, appium:deviceScreenDensity: 480, appium:deviceScreenSize: 1080x2400, appium:deviceUDID: RF8R42F61LA, appium:javascriptEnabled: true, appium:locationContextEnabled: false, appium:networkConnectionEnabled: true, appium:newCommandTimeout: 720, appium:pixelRatio: 3, appium:platformVersion: 13, appium:resetKeyboard: true, appium:statBarHeight: 88, appium:takesScreenshot: true, appium:udid: RF8R42F61LA, appium:unicodeKeyBoard: true, appium:viewportRect: {height: 2312, left: 0, top: 88, width: 1080}, appium:warnings: {}, appium:webStorageEnabled: false, platformName: ANDROID}\nSession ID: b8f2b004-5c50-4003-9160-8762e0010be6","trace":"org.openqa.selenium.NoSuchElementException: An element could not be located on the page using the given search parameters.\nFor documentation on this error, please visit: https://www.selenium.dev/documentation/webdriver/troubleshooting/errors#no-such-element-exception\nBuild info: version: '4.19.1', revision: 'abe0ee07dc'\nSystem info: os.name: 'Windows 11', os.arch: 'amd64', os.version: '10.0', java.version: '24.0.1'\nDriver info: io.appium.java_client.android.AndroidDriver\nCommand: [b8f2b004-5c50-4003-9160-8762e0010be6, findElement {using=id, value=il.co.mintapp.buyme:id/addVoucherButton}]\nCapabilities {appium:appActivity: il.co.mintapp.buyme/.activi..., appium:appPackage: il.co.mintapp.buyme, appium:autoGrantPermissions: true, appium:automationName: UIAutomator2, appium:databaseEnabled: false, appium:desired: {appActivity: , appPackage: il.co.mintapp.buyme, autoGrantPermissions: true, automationName: UIAutomator2, deviceName: androidDevice, newCommandTimeout: 720, platformName: ANDROID, resetKeyboard: true, udid: RF8R42F61LA, unicodeKeyBoard: true}, appium:deviceApiLevel: 33, appium:deviceManufacturer: samsung, appium:deviceModel: SM-G780G, appium:deviceName: RF8R42F61LA, appium:deviceScreenDensity: 480, appium:deviceScreenSize: 1080x2400, appium:deviceUDID: RF8R42F61LA, appium:javascriptEnabled: true, appium:locationContextEnabled: false, appium:networkConnectionEnabled: true, appium:newCommandTimeout: 720, appium:pixelRatio: 3, appium:platformVersion: 13, appium:resetKeyboard: true, appium:statBarHeight: 88, appium:takesScreenshot: true, appium:udid: RF8R42F61LA, appium:unicodeKeyBoard: true, appium:viewportRect: {height: 2312, left: 0, top: 88, width: 1080}, appium:warnings: {}, appium:webStorageEnabled: false, platformName: ANDROID}\nSession ID: b8f2b004-5c50-4003-9160-8762e0010be6\r\n\tat java.base/jdk.internal.reflect.DirectConstructorHandleAccessor.newInstance(DirectConstructorHandleAccessor.java:62)\r\n\tat java.base/java.lang.reflect.Constructor.newInstanceWithCaller(Constructor.java:499)\r\n\tat java.base/java.lang.reflect.Constructor.newInstance(Constructor.java:483)\r\n\tat org.openqa.selenium.remote.ErrorCodec.decode(ErrorCodec.java:167)\r\n\tat org.openqa.selenium.remote.codec.w3c.W3CHttpResponseCodec.decode(W3CHttpResponseCodec.java:138)\r\n\tat org.openqa.selenium.remote.codec.w3c.W3CHttpResponseCodec.decode(W3CHttpResponseCodec.java:50)\r\n\tat org.openqa.selenium.remote.HttpCommandExecutor.execute(HttpCommandExecutor.java:190)\r\n\tat io.appium.java_client.remote.AppiumCommandExecutor.execute(AppiumCommandExecutor.java:237)\r\n\tat org.openqa.selenium.remote.RemoteWebDriver.execute(RemoteWebDriver.java:518)\r\n\tat org.openqa.selenium.remote.ElementLocation$ElementFinder$2.findElement(ElementLocation.java:165)\r\n\tat org.openqa.selenium.remote.ElementLocation.findElement(ElementLocation.java:59)\r\n\tat org.openqa.selenium.remote.RemoteWebDriver.findElement(RemoteWebDriver.java:355)\r\n\tat org.openqa.selenium.remote.RemoteWebDriver.findElement(RemoteWebDriver.java:349)\r\n\tat page_Objects.BasePage.click(BasePage.java:40)\r\n\tat page_Objects.AssigningGifts_Page.clickAddGiftCard(AssigningGifts_Page.java:133)\r\n\tat test.Tests04_CheckGiftCardBalance_Mobile.test01_WrongGiftCardCodeErrorMessage(Tests04_CheckGiftCardBalance_Mobile.java:28)\r\n\tat java.base/jdk.internal.reflect.DirectMethodHandleAccessor.invoke(DirectMethodHandleAccessor.java:104)\r\n\tat java.base/java.lang.reflect.Method.invoke(Method.java:565)\r\n\tat org.testng.internal.invokers.MethodInvocationHelper.invokeMethod(MethodInvocationHelper.java:139)\r\n\tat org.testng.internal.invokers.TestInvoker.invokeMethod(TestInvoker.java:664)\r\n\tat org.testng.internal.invokers.TestInvoker.invokeTestMethod(TestInvoker.java:228)\r\n\tat org.testng.internal.invokers.MethodRunner.runInSequence(MethodRunner.java:63)\r\n\tat org.testng.internal.invokers.TestInvoker$MethodInvocationAgent.invoke(TestInvoker.java:961)\r\n\tat org.testng.internal.invokers.TestInvoker.invokeTestMethods(TestInvoker.java:201)\r\n\tat org.testng.internal.invokers.TestMethodWorker.invokeTestMethods(TestMethodWorker.java:148)\r\n\tat org.testng.internal.invokers.TestMethodWorker.run(TestMethodWorker.java:128)\r\n\tat java.base/java.util.ArrayList.forEach(ArrayList.java:1604)\r\n\tat org.testng.TestRunner.privateRun(TestRunner.java:819)\r\n\tat org.testng.TestRunner.run(TestRunner.java:619)\r\n\tat org.testng.SuiteRunner.runTest(SuiteRunner.java:443)\r\n\tat org.testng.SuiteRunner.runSequentially(SuiteRunner.java:437)\r\n\tat org.testng.SuiteRunner.privateRun(SuiteRunner.java:397)\r\n\tat org.testng.SuiteRunner.run(SuiteRunner.java:336)\r\n\tat org.testng.SuiteRunnerWorker.runSuite(SuiteRunnerWorker.java:52)\r\n\tat org.testng.SuiteRunnerWorker.run(SuiteRunnerWorker.java:95)\r\n\tat org.testng.TestNG.runSuitesSequentially(TestNG.java:1301)\r\n\tat org.testng.TestNG.runSuitesLocally(TestNG.java:1228)\r\n\tat org.testng.TestNG.runSuites(TestNG.java:1134)\r\n\tat org.testng.TestNG.run(TestNG.java:1101)\r\n\tat com.intellij.rt.testng.IDEARemoteTestNG.run(IDEARemoteTestNG.java:65)\r\n\tat com.intellij.rt.testng.RemoteTestNGStarter.main(RemoteTestNGStarter.java:105)\r\n"},"stage":"finished","steps":[{"name":"Navigate to profile and information page","status":"passed","stage":"finished","steps":[],"attachments":[],"parameters":[],"start":1749984936894,"stop":1749984938860},{"name":"Send keys '{gift card code}' on {gift card field _Field}","status":"passed","stage":"finished","steps":[],"attachments":[],"parameters":[{"name":"giftCardCode","value":"1234123412341234"}],"start":1749984940932,"stop":1749984944919},{"name":"Tap on expiration day field","status":"passed","stage":"finished","steps":[],"attachments":[],"parameters":[],"start":1749984944919,"stop":1749984949146},{"name":"Select a date by day, month, year","status":"passed","stage":"finished","steps":[{"name":"Select year on date picker","status":"passed","stage":"finished","steps":[],"attachments":[],"parameters":[{"name":"year","value":"2025"}],"start":1749984949146,"stop":1749984949929},{"name":"Select month on date picker","status":"passed","stage":"finished","steps":[],"attachments":[],"parameters":[{"name":"month","value":"יולי"}],"start":1749984949929,"stop":1749984952565},{"name":"Select day on date picker","status":"passed","stage":"finished","steps":[],"attachments":[],"parameters":[{"name":"day","value":"25"}],"start":1749984952565,"stop":1749984955712},{"name":"Click approve date button","status":"passed","stage":"finished","steps":[],"attachments":[],"parameters":[],"start":1749984955712,"stop":1749984957525}],"attachments":[],"parameters":[{"name":"day","value":"25"},{"name":"month","value":"יולי"},{"name":"year","value":"2025"}],"start":1749984949146,"stop":1749984957525},{"name":"Click add gift card button","status":"broken","statusDetails":{"known":false,"muted":false,"flaky":false,"message":"An element could not be located on the page using the given search parameters.\nFor documentation on this error, please visit: https://www.selenium.dev/documentation/webdriver/troubleshooting/errors#no-such-element-exception\nBuild info: version: '4.19.1', revision: 'abe0ee07dc'\nSystem info: os.name: 'Windows 11', os.arch: 'amd64', os.version: '10.0', java.version: '24.0.1'\nDriver info: io.appium.java_client.android.AndroidDriver\nCommand: [b8f2b004-5c50-4003-9160-8762e0010be6, findElement {using=id, value=il.co.mintapp.buyme:id/addVoucherButton}]\nCapabilities {appium:appActivity: il.co.mintapp.buyme/.activi..., appium:appPackage: il.co.mintapp.buyme, appium:autoGrantPermissions: true, appium:automationName: UIAutomator2, appium:databaseEnabled: false, appium:desired: {appActivity: , appPackage: il.co.mintapp.buyme, autoGrantPermissions: true, automationName: UIAutomator2, deviceName: androidDevice, newCommandTimeout: 720, platformName: ANDROID, resetKeyboard: true, udid: RF8R42F61LA, unicodeKeyBoard: true}, appium:deviceApiLevel: 33, appium:deviceManufacturer: samsung, appium:deviceModel: SM-G780G, appium:deviceName: RF8R42F61LA, appium:deviceScreenDensity: 480, appium:deviceScreenSize: 1080x2400, appium:deviceUDID: RF8R42F61LA, appium:javascriptEnabled: true, appium:locationContextEnabled: false, appium:networkConnectionEnabled: true, appium:newCommandTimeout: 720, appium:pixelRatio: 3, appium:platformVersion: 13, appium:resetKeyboard: true, appium:statBarHeight: 88, appium:takesScreenshot: true, appium:udid: RF8R42F61LA, appium:unicodeKeyBoard: true, appium:viewportRect: {height: 2312, left: 0, top: 88, width: 1080}, appium:warnings: {}, appium:webStorageEnabled: false, platformName: ANDROID}\nSession ID: b8f2b004-5c50-4003-9160-8762e0010be6","trace":"org.openqa.selenium.NoSuchElementException: An element could not be located on the page using the given search parameters.\nFor documentation on this error, please visit: https://www.selenium.dev/documentation/webdriver/troubleshooting/errors#no-such-element-exception\nBuild info: version: '4.19.1', revision: 'abe0ee07dc'\nSystem info: os.name: 'Windows 11', os.arch: 'amd64', os.version: '10.0', java.version: '24.0.1'\nDriver info: io.appium.java_client.android.AndroidDriver\nCommand: [b8f2b004-5c50-4003-9160-8762e0010be6, findElement {using=id, value=il.co.mintapp.buyme:id/addVoucherButton}]\nCapabilities {appium:appActivity: il.co.mintapp.buyme/.activi..., appium:appPackage: il.co.mintapp.buyme, appium:autoGrantPermissions: true, appium:automationName: UIAutomator2, appium:databaseEnabled: false, appium:desired: {appActivity: , appPackage: il.co.mintapp.buyme, autoGrantPermissions: true, automationName: UIAutomator2, deviceName: androidDevice, newCommandTimeout: 720, platformName: ANDROID, resetKeyboard: true, udid: RF8R42F61LA, unicodeKeyBoard: true}, appium:deviceApiLevel: 33, appium:deviceManufacturer: samsung, appium:deviceModel: SM-G780G, appium:deviceName: RF8R42F61LA, appium:deviceScreenDensity: 480, appium:deviceScreenSize: 1080x2400, appium:deviceUDID: RF8R42F61LA, appium:javascriptEnabled: true, appium:locationContextEnabled: false, appium:networkConnectionEnabled: true, appium:newCommandTimeout: 720, appium:pixelRatio: 3, appium:platformVersion: 13, appium:resetKeyboard: true, appium:statBarHeight: 88, appium:takesScreenshot: true, appium:udid: RF8R42F61LA, appium:unicodeKeyBoard: true, appium:viewportRect: {height: 2312, left: 0, top: 88, width: 1080}, appium:warnings: {}, appium:webStorageEnabled: false, platformName: ANDROID}\nSession ID: b8f2b004-5c50-4003-9160-8762e0010be6\r\n\tat java.base/jdk.internal.reflect.DirectConstructorHandleAccessor.newInstance(DirectConstructorHandleAccessor.java:62)\r\n\tat java.base/java.lang.reflect.Constructor.newInstanceWithCaller(Constructor.java:499)\r\n\tat java.base/java.lang.reflect.Constructor.newInstance(Constructor.java:483)\r\n\tat org.openqa.selenium.remote.ErrorCodec.decode(ErrorCodec.java:167)\r\n\tat org.openqa.selenium.remote.codec.w3c.W3CHttpResponseCodec.decode(W3CHttpResponseCodec.java:138)\r\n\tat org.openqa.selenium.remote.codec.w3c.W3CHttpResponseCodec.decode(W3CHttpResponseCodec.java:50)\r\n\tat org.openqa.selenium.remote.HttpCommandExecutor.execute(HttpCommandExecutor.java:190)\r\n\tat io.appium.java_client.remote.AppiumCommandExecutor.execute(AppiumCommandExecutor.java:237)\r\n\tat org.openqa.selenium.remote.RemoteWebDriver.execute(RemoteWebDriver.java:518)\r\n\tat org.openqa.selenium.remote.ElementLocation$ElementFinder$2.findElement(ElementLocation.java:165)\r\n\tat org.openqa.selenium.remote.ElementLocation.findElement(ElementLocation.java:59)\r\n\tat org.openqa.selenium.remote.RemoteWebDriver.findElement(RemoteWebDriver.java:355)\r\n\tat org.openqa.selenium.remote.RemoteWebDriver.findElement(RemoteWebDriver.java:349)\r\n\tat page_Objects.BasePage.click(BasePage.java:40)\r\n\tat page_Objects.AssigningGifts_Page.clickAddGiftCard(AssigningGifts_Page.java:133)\r\n\tat test.Tests04_CheckGiftCardBalance_Mobile.test01_WrongGiftCardCodeErrorMessage(Tests04_CheckGiftCardBalance_Mobile.java:28)\r\n\tat java.base/jdk.internal.reflect.DirectMethodHandleAccessor.invoke(DirectMethodHandleAccessor.java:104)\r\n\tat java.base/java.lang.reflect.Method.invoke(Method.java:565)\r\n\tat org.testng.internal.invokers.MethodInvocationHelper.invokeMethod(MethodInvocationHelper.java:139)\r\n\tat org.testng.internal.invokers.TestInvoker.invokeMethod(TestInvoker.java:664)\r\n\tat org.testng.internal.invokers.TestInvoker.invokeTestMethod(TestInvoker.java:228)\r\n\tat org.testng.internal.invokers.MethodRunner.runInSequence(MethodRunner.java:63)\r\n\tat org.testng.internal.invokers.TestInvoker$MethodInvocationAgent.invoke(TestInvoker.java:961)\r\n\tat org.testng.internal.invokers.TestInvoker.invokeTestMethods(TestInvoker.java:201)\r\n\tat org.testng.internal.invokers.TestMethodWorker.invokeTestMethods(TestMethodWorker.java:148)\r\n\tat org.testng.internal.invokers.TestMethodWorker.run(TestMethodWorker.java:128)\r\n\tat java.base/java.util.ArrayList.forEach(ArrayList.java:1604)\r\n\tat org.testng.TestRunner.privateRun(TestRunner.java:819)\r\n\tat org.testng.TestRunner.run(TestRunner.java:619)\r\n\tat org.testng.SuiteRunner.runTest(SuiteRunner.java:443)\r\n\tat org.testng.SuiteRunner.runSequentially(SuiteRunner.java:437)\r\n\tat org.testng.SuiteRunner.privateRun(SuiteRunner.java:397)\r\n\tat org.testng.SuiteRunner.run(SuiteRunner.java:336)\r\n\tat org.testng.SuiteRunnerWorker.runSuite(SuiteRunnerWorker.java:52)\r\n\tat org.testng.SuiteRunnerWorker.run(SuiteRunnerWorker.java:95)\r\n\tat org.testng.TestNG.runSuitesSequentially(TestNG.java:1301)\r\n\tat org.testng.TestNG.runSuitesLocally(TestNG.java:1228)\r\n\tat org.testng.TestNG.runSuites(TestNG.java:1134)\r\n\tat org.testng.TestNG.run(TestNG.java:1101)\r\n\tat com.intellij.rt.testng.IDEARemoteTestNG.run(IDEARemoteTestNG.java:65)\r\n\tat com.intellij.rt.testng.RemoteTestNGStarter.main(RemoteTestNGStarter.java:105)\r\n"},"stage":"finished","steps":[],"attachments":[],"parameters":[],"start":1749984957525,"stop":1749984990594}],"attachments":[],"parameters":[],"start":1749984936893,"stop":1749984990597}