{"uuid":"c0b770f0-f850-4835-a616-8c94a58d3791","historyId":"afe52035eab659016ae69e09efa1e5bd","fullName":"test.Tests01_RegistrationAndLogin_Mobile.test02_loginInvalidUserName","labels":[{"name":"package","value":"test.Tests01_RegistrationAndLogin_Mobile"},{"name":"testClass","value":"test.Tests01_RegistrationAndLogin_Mobile"},{"name":"testMethod","value":"test02_loginInvalidUserName"},{"name":"parentSuite","value":"Default Suite"},{"name":"suite","value":"BuymeMobileAutomation_Appium"},{"name":"subSuite","value":"test.Tests01_RegistrationAndLogin_Mobile"},{"name":"host","value":"Avishay_Avraham"},{"name":"thread","value":"3092@Avishay_Avraham.main(3)"},{"name":"framework","value":"testng"},{"name":"language","value":"java"}],"links":[],"name":"test02_loginInvalidUserName","status":"failed","statusDetails":{"known":false,"muted":false,"flaky":false,"message":"The following asserts failed:\n\tText mismatch expected [המייל לא תקי\"] but found [המייל לא תקין],\n\tValues did not match","trace":"java.lang.AssertionError: The following asserts failed:\n\tText mismatch expected [המייל לא תקי\"] but found [המייל לא תקין],\n\tValues did not match\r\n\tat org.testng.asserts.SoftAssert.assertAll(SoftAssert.java:46)\r\n\tat org.testng.asserts.SoftAssert.assertAll(SoftAssert.java:30)\r\n\tat verifications.Verifications.assertAll(Verifications.java:96)\r\n\tat test.Tests01_RegistrationAndLogin_Mobile.test02_loginInvalidUserName(Tests01_RegistrationAndLogin_Mobile.java:32)\r\n\tat java.base/jdk.internal.reflect.DirectMethodHandleAccessor.invoke(DirectMethodHandleAccessor.java:104)\r\n\tat java.base/java.lang.reflect.Method.invoke(Method.java:565)\r\n\tat org.testng.internal.invokers.MethodInvocationHelper.invokeMethod(MethodInvocationHelper.java:139)\r\n\tat org.testng.internal.invokers.TestInvoker.invokeMethod(TestInvoker.java:664)\r\n\tat org.testng.internal.invokers.TestInvoker.invokeTestMethod(TestInvoker.java:228)\r\n\tat org.testng.internal.invokers.MethodRunner.runInSequence(MethodRunner.java:63)\r\n\tat org.testng.internal.invokers.TestInvoker$MethodInvocationAgent.invoke(TestInvoker.java:961)\r\n\tat org.testng.internal.invokers.TestInvoker.invokeTestMethods(TestInvoker.java:201)\r\n\tat org.testng.internal.invokers.TestMethodWorker.invokeTestMethods(TestMethodWorker.java:148)\r\n\tat org.testng.internal.invokers.TestMethodWorker.run(TestMethodWorker.java:128)\r\n\tat java.base/java.util.ArrayList.forEach(ArrayList.java:1604)\r\n\tat org.testng.TestRunner.privateRun(TestRunner.java:819)\r\n\tat org.testng.TestRunner.run(TestRunner.java:619)\r\n\tat org.testng.SuiteRunner.runTest(SuiteRunner.java:443)\r\n\tat org.testng.SuiteRunner.runSequentially(SuiteRunner.java:437)\r\n\tat org.testng.SuiteRunner.privateRun(SuiteRunner.java:397)\r\n\tat org.testng.SuiteRunner.run(SuiteRunner.java:336)\r\n\tat org.testng.SuiteRunnerWorker.runSuite(SuiteRunnerWorker.java:52)\r\n\tat org.testng.SuiteRunnerWorker.run(SuiteRunnerWorker.java:95)\r\n\tat org.testng.TestNG.runSuitesSequentially(TestNG.java:1301)\r\n\tat org.testng.TestNG.runSuitesLocally(TestNG.java:1228)\r\n\tat org.testng.TestNG.runSuites(TestNG.java:1134)\r\n\tat org.testng.TestNG.run(TestNG.java:1101)\r\n\tat com.intellij.rt.testng.IDEARemoteTestNG.run(IDEARemoteTestNG.java:65)\r\n\tat com.intellij.rt.testng.RemoteTestNGStarter.main(RemoteTestNGStarter.java:105)\r\n"},"stage":"finished","steps":[{"name":"Close popup","status":"passed","stage":"finished","steps":[],"attachments":[],"parameters":[],"start":1749990408471,"stop":1749990410621},{"name":"Click - \"Login\" - button","status":"passed","stage":"finished","steps":[],"attachments":[],"parameters":[],"start":1749990410621,"stop":1749990413045},{"name":"Select - register by google","status":"passed","stage":"finished","steps":[],"attachments":[],"parameters":[],"start":1749990413046,"stop":1749990414758},{"name":"Select - register by google","status":"passed","stage":"finished","steps":[],"attachments":[],"parameters":[{"name":"emailAccount","value":"AAAA"}],"start":1749990414764,"stop":1749990418141},{"name":"Click enter button ","status":"passed","stage":"finished","steps":[],"attachments":[],"parameters":[],"start":1749990418142,"stop":1749990419844},{"name":"getTextInvalidEmailErrorMessage","status":"passed","stage":"finished","steps":[],"attachments":[{"name":"Text from element","source":"7e56692a-ca1c-48fc-bab1-45749eb686e8-attachment.txt","type":"text/plain"}],"parameters":[],"start":1749990419845,"stop":1749990421411},{"name":"Verify text equals : Test Wrong Email Error message ","status":"passed","stage":"finished","steps":[{"name":"Expected :המייל לא תקי\"","status":"passed","stage":"finished","steps":[],"attachments":[],"parameters":[],"start":1749990421412,"stop":1749990421412},{"name":"Actual :המייל לא תקין","status":"passed","stage":"finished","steps":[],"attachments":[],"parameters":[],"start":1749990421413,"stop":1749990421413},{"name":"❌ Mismatch detected","status":"failed","stage":"finished","steps":[],"attachments":[],"parameters":[],"start":1749990421416,"stop":1749990421416},{"name":"Actual המייל לא תקין","status":"passed","stage":"finished","steps":[],"attachments":[],"parameters":[],"start":1749990421416,"stop":1749990421416},{"name":"Actual המייל לא תקי\"","status":"passed","stage":"finished","steps":[],"attachments":[],"parameters":[],"start":1749990421416,"stop":1749990421416}],"attachments":[{"name":"Screenshot - 2025-06-15_15-27-01","source":"7d7b7d52-3b01-45a2-afdc-0e013338fa94-attachment"}],"parameters":[{"name":"actual","value":"המייל לא תקין"},{"name":"expected","value":"המייל לא תקי\""},{"name":"elementName","value":"Test Wrong Email Error message "}],"start":1749990421412,"stop":1749990421875},{"name":"Assert all soft assertions","status":"failed","statusDetails":{"known":false,"muted":false,"flaky":false,"message":"The following asserts failed:\n\tText mismatch expected [המייל לא תקי\"] but found [המייל לא תקין],\n\tValues did not match","trace":"java.lang.AssertionError: The following asserts failed:\n\tText mismatch expected [המייל לא תקי\"] but found [המייל לא תקין],\n\tValues did not match\r\n\tat org.testng.asserts.SoftAssert.assertAll(SoftAssert.java:46)\r\n\tat org.testng.asserts.SoftAssert.assertAll(SoftAssert.java:30)\r\n\tat verifications.Verifications.assertAll(Verifications.java:96)\r\n\tat test.Tests01_RegistrationAndLogin_Mobile.test02_loginInvalidUserName(Tests01_RegistrationAndLogin_Mobile.java:32)\r\n\tat java.base/jdk.internal.reflect.DirectMethodHandleAccessor.invoke(DirectMethodHandleAccessor.java:104)\r\n\tat java.base/java.lang.reflect.Method.invoke(Method.java:565)\r\n\tat org.testng.internal.invokers.MethodInvocationHelper.invokeMethod(MethodInvocationHelper.java:139)\r\n\tat org.testng.internal.invokers.TestInvoker.invokeMethod(TestInvoker.java:664)\r\n\tat org.testng.internal.invokers.TestInvoker.invokeTestMethod(TestInvoker.java:228)\r\n\tat org.testng.internal.invokers.MethodRunner.runInSequence(MethodRunner.java:63)\r\n\tat org.testng.internal.invokers.TestInvoker$MethodInvocationAgent.invoke(TestInvoker.java:961)\r\n\tat org.testng.internal.invokers.TestInvoker.invokeTestMethods(TestInvoker.java:201)\r\n\tat org.testng.internal.invokers.TestMethodWorker.invokeTestMethods(TestMethodWorker.java:148)\r\n\tat org.testng.internal.invokers.TestMethodWorker.run(TestMethodWorker.java:128)\r\n\tat java.base/java.util.ArrayList.forEach(ArrayList.java:1604)\r\n\tat org.testng.TestRunner.privateRun(TestRunner.java:819)\r\n\tat org.testng.TestRunner.run(TestRunner.java:619)\r\n\tat org.testng.SuiteRunner.runTest(SuiteRunner.java:443)\r\n\tat org.testng.SuiteRunner.runSequentially(SuiteRunner.java:437)\r\n\tat org.testng.SuiteRunner.privateRun(SuiteRunner.java:397)\r\n\tat org.testng.SuiteRunner.run(SuiteRunner.java:336)\r\n\tat org.testng.SuiteRunnerWorker.runSuite(SuiteRunnerWorker.java:52)\r\n\tat org.testng.SuiteRunnerWorker.run(SuiteRunnerWorker.java:95)\r\n\tat org.testng.TestNG.runSuitesSequentially(TestNG.java:1301)\r\n\tat org.testng.TestNG.runSuitesLocally(TestNG.java:1228)\r\n\tat org.testng.TestNG.runSuites(TestNG.java:1134)\r\n\tat org.testng.TestNG.run(TestNG.java:1101)\r\n\tat com.intellij.rt.testng.IDEARemoteTestNG.run(IDEARemoteTestNG.java:65)\r\n\tat com.intellij.rt.testng.RemoteTestNGStarter.main(RemoteTestNGStarter.java:105)\r\n"},"stage":"finished","steps":[],"attachments":[],"parameters":[],"start":1749990421875,"stop":1749990421876}],"attachments":[],"parameters":[],"start":1749990408471,"stop":1749990421879}