{"uuid":"cccc08de-7128-49c4-b13a-f914ff75d28b","historyId":"a947033b6fcd910237989210daa62ad1","fullName":"test.Tests01_RegistrationAndLogin_Mobile.test01_loginValidUserNameGoogleAccount","labels":[{"name":"package","value":"test.Tests01_RegistrationAndLogin_Mobile"},{"name":"testClass","value":"test.Tests01_RegistrationAndLogin_Mobile"},{"name":"testMethod","value":"test01_loginValidUserNameGoogleAccount"},{"name":"parentSuite","value":"Suite"},{"name":"suite","value":"Test"},{"name":"subSuite","value":"test.Tests01_RegistrationAndLogin_Mobile"},{"name":"host","value":"Avishay_Avraham"},{"name":"thread","value":"11504@Avishay_Avraham.main(3)"},{"name":"framework","value":"testng"},{"name":"language","value":"java"}],"links":[],"name":"test01_loginValidUserNameGoogleAccount","status":"failed","statusDetails":{"known":false,"muted":false,"flaky":false,"message":"The following asserts failed:\n\t❌  Test User Name Text-Condition failed","trace":"java.lang.AssertionError: The following asserts failed:\n\t❌  Test User Name Text-Condition failed\r\n\tat org.testng.asserts.SoftAssert.assertAll(SoftAssert.java:46)\r\n\tat org.testng.asserts.SoftAssert.assertAll(SoftAssert.java:30)\r\n\tat verifications.Verifications.assertAll(Verifications.java:96)\r\n\tat test.Tests01_RegistrationAndLogin_Mobile.test01_loginValidUserNameGoogleAccount(Tests01_RegistrationAndLogin_Mobile.java:20)\r\n\tat java.base/jdk.internal.reflect.DirectMethodHandleAccessor.invoke(DirectMethodHandleAccessor.java:104)\r\n\tat java.base/java.lang.reflect.Method.invoke(Method.java:565)\r\n\tat org.testng.internal.invokers.MethodInvocationHelper.invokeMethod(MethodInvocationHelper.java:139)\r\n\tat org.testng.internal.invokers.TestInvoker.invokeMethod(TestInvoker.java:664)\r\n\tat org.testng.internal.invokers.TestInvoker.invokeTestMethod(TestInvoker.java:228)\r\n\tat org.testng.internal.invokers.MethodRunner.runInSequence(MethodRunner.java:63)\r\n\tat org.testng.internal.invokers.TestInvoker$MethodInvocationAgent.invoke(TestInvoker.java:961)\r\n\tat org.testng.internal.invokers.TestInvoker.invokeTestMethods(TestInvoker.java:201)\r\n\tat org.testng.internal.invokers.TestMethodWorker.invokeTestMethods(TestMethodWorker.java:148)\r\n\tat org.testng.internal.invokers.TestMethodWorker.run(TestMethodWorker.java:128)\r\n\tat java.base/java.util.ArrayList.forEach(ArrayList.java:1604)\r\n\tat org.testng.TestRunner.privateRun(TestRunner.java:819)\r\n\tat org.testng.TestRunner.run(TestRunner.java:619)\r\n\tat org.testng.SuiteRunner.runTest(SuiteRunner.java:443)\r\n\tat org.testng.SuiteRunner.runSequentially(SuiteRunner.java:437)\r\n\tat org.testng.SuiteRunner.privateRun(SuiteRunner.java:397)\r\n\tat org.testng.SuiteRunner.run(SuiteRunner.java:336)\r\n\tat org.testng.SuiteRunnerWorker.runSuite(SuiteRunnerWorker.java:52)\r\n\tat org.testng.SuiteRunnerWorker.run(SuiteRunnerWorker.java:95)\r\n\tat org.testng.TestNG.runSuitesSequentially(TestNG.java:1301)\r\n\tat org.testng.TestNG.runSuitesLocally(TestNG.java:1228)\r\n\tat org.testng.TestNG.runSuites(TestNG.java:1134)\r\n\tat org.testng.TestNG.run(TestNG.java:1101)\r\n\tat com.intellij.rt.testng.IDEARemoteTestNG.run(IDEARemoteTestNG.java:65)\r\n\tat com.intellij.rt.testng.RemoteTestNGStarter.main(RemoteTestNGStarter.java:105)\r\n"},"stage":"finished","steps":[{"name":"Close popup","status":"passed","stage":"finished","steps":[],"attachments":[],"parameters":[],"start":1749986550780,"stop":1749986552590},{"name":"Click - \"Login\" - button","status":"passed","stage":"finished","steps":[],"attachments":[],"parameters":[],"start":1749986552590,"stop":1749986554976},{"name":"Select - register by google","status":"passed","stage":"finished","steps":[],"attachments":[],"parameters":[],"start":1749986554976,"stop":1749986556615},{"name":"Close popup","status":"passed","stage":"finished","steps":[],"attachments":[],"parameters":[],"start":1749986556615,"stop":1749986558280},{"name":"getUserText","status":"passed","stage":"finished","steps":[{"name":"❌ Failed to get text from element: By.id: il.co.mintapp.buyme:id/username_text → Expected condition failed: waiting for visibility of element located by By.id: il.co.mintapp.buyme:id/username_text (tried for 10 second(s) with 500 milliseconds interval)\nBuild info: version: '4.19.1', revision: 'abe0ee07dc'\nSystem info: os.name: 'Windows 11', os.arch: 'amd64', os.version: '10.0', java.version: '24.0.1'\nDriver info: io.appium.java_client.android.AndroidDriver\nCapabilities {appium:appActivity: il.co.mintapp.buyme/.activi..., appium:appPackage: il.co.mintapp.buyme, appium:autoGrantPermissions: true, appium:automationName: UIAutomator2, appium:databaseEnabled: false, appium:desired: {appActivity: , appPackage: il.co.mintapp.buyme, autoGrantPermissions: true, automationName: UIAutomator2, deviceName: androidDevice, newCommandTimeout: 720, platformName: ANDROID, resetKeyboard: true, udid: RF8R42F61LA, unicodeKeyBoard: true}, appium:deviceApiLevel: 33, appium:deviceManufacturer: samsung, appium:deviceModel: SM-G780G, appium:deviceName: RF8R42F61LA, appium:deviceScreenDensity: 480, appium:deviceScreenSize: 1080x2400, appium:deviceUDID: RF8R42F61LA, appium:javascriptEnabled: true, appium:locationContextEnabled: false, appium:networkConnectionEnabled: true, appium:newCommandTimeout: 720, appium:pixelRatio: 3, appium:platformVersion: 13, appium:resetKeyboard: true, appium:statBarHeight: 88, appium:takesScreenshot: true, appium:udid: RF8R42F61LA, appium:unicodeKeyBoard: true, appium:viewportRect: {height: 2312, left: 0, top: 88, width: 1080}, appium:warnings: {}, appium:webStorageEnabled: false, platformName: ANDROID}\nSession ID: 2e303b66-5392-4659-96e4-3efc4c3f37a3","status":"failed","stage":"finished","steps":[],"attachments":[],"parameters":[],"start":1749986590243,"stop":1749986590243}],"attachments":[{"name":"Screenshot - 2025-06-15_14-23-10","source":"2599b142-045d-493a-aaa5-811e5ba77a39-attachment"}],"parameters":[],"start":1749986558280,"stop":1749986590726},{"name":"Verifying condition: Test User Name Text","status":"passed","stage":"finished","steps":[{"name":"Expected : true","status":"passed","stage":"finished","steps":[],"attachments":[],"parameters":[],"start":1749986590729,"stop":1749986590729},{"name":"Actual   : false","status":"passed","stage":"finished","steps":[],"attachments":[],"parameters":[],"start":1749986590729,"stop":1749986590729},{"name":"❌  Test User Name Text-Condition failed","status":"failed","stage":"finished","steps":[],"attachments":[],"parameters":[],"start":1749986590729,"stop":1749986590729}],"attachments":[{"name":"Screenshot - 2025-06-15_14-23-10","source":"67870253-1933-43fb-87c0-6349ca79b9aa-attachment"}],"parameters":[{"name":"condition","value":"false"},{"name":"description","value":"Test User Name Text"}],"start":1749986590729,"stop":1749986591201},{"name":"Assert all soft assertions","status":"failed","statusDetails":{"known":false,"muted":false,"flaky":false,"message":"The following asserts failed:\n\t❌  Test User Name Text-Condition failed","trace":"java.lang.AssertionError: The following asserts failed:\n\t❌  Test User Name Text-Condition failed\r\n\tat org.testng.asserts.SoftAssert.assertAll(SoftAssert.java:46)\r\n\tat org.testng.asserts.SoftAssert.assertAll(SoftAssert.java:30)\r\n\tat verifications.Verifications.assertAll(Verifications.java:96)\r\n\tat test.Tests01_RegistrationAndLogin_Mobile.test01_loginValidUserNameGoogleAccount(Tests01_RegistrationAndLogin_Mobile.java:20)\r\n\tat java.base/jdk.internal.reflect.DirectMethodHandleAccessor.invoke(DirectMethodHandleAccessor.java:104)\r\n\tat java.base/java.lang.reflect.Method.invoke(Method.java:565)\r\n\tat org.testng.internal.invokers.MethodInvocationHelper.invokeMethod(MethodInvocationHelper.java:139)\r\n\tat org.testng.internal.invokers.TestInvoker.invokeMethod(TestInvoker.java:664)\r\n\tat org.testng.internal.invokers.TestInvoker.invokeTestMethod(TestInvoker.java:228)\r\n\tat org.testng.internal.invokers.MethodRunner.runInSequence(MethodRunner.java:63)\r\n\tat org.testng.internal.invokers.TestInvoker$MethodInvocationAgent.invoke(TestInvoker.java:961)\r\n\tat org.testng.internal.invokers.TestInvoker.invokeTestMethods(TestInvoker.java:201)\r\n\tat org.testng.internal.invokers.TestMethodWorker.invokeTestMethods(TestMethodWorker.java:148)\r\n\tat org.testng.internal.invokers.TestMethodWorker.run(TestMethodWorker.java:128)\r\n\tat java.base/java.util.ArrayList.forEach(ArrayList.java:1604)\r\n\tat org.testng.TestRunner.privateRun(TestRunner.java:819)\r\n\tat org.testng.TestRunner.run(TestRunner.java:619)\r\n\tat org.testng.SuiteRunner.runTest(SuiteRunner.java:443)\r\n\tat org.testng.SuiteRunner.runSequentially(SuiteRunner.java:437)\r\n\tat org.testng.SuiteRunner.privateRun(SuiteRunner.java:397)\r\n\tat org.testng.SuiteRunner.run(SuiteRunner.java:336)\r\n\tat org.testng.SuiteRunnerWorker.runSuite(SuiteRunnerWorker.java:52)\r\n\tat org.testng.SuiteRunnerWorker.run(SuiteRunnerWorker.java:95)\r\n\tat org.testng.TestNG.runSuitesSequentially(TestNG.java:1301)\r\n\tat org.testng.TestNG.runSuitesLocally(TestNG.java:1228)\r\n\tat org.testng.TestNG.runSuites(TestNG.java:1134)\r\n\tat org.testng.TestNG.run(TestNG.java:1101)\r\n\tat com.intellij.rt.testng.IDEARemoteTestNG.run(IDEARemoteTestNG.java:65)\r\n\tat com.intellij.rt.testng.RemoteTestNGStarter.main(RemoteTestNGStarter.java:105)\r\n"},"stage":"finished","steps":[],"attachments":[],"parameters":[],"start":1749986591203,"stop":1749986591206}],"attachments":[],"parameters":[],"start":1749986550764,"stop":1749986591209}