{"uuid":"eae1fff2-0bde-4b16-a328-2d8f5b0ed679","historyId":"42b86949bdd13099cd7021ab627c70b6","fullName":"test.Tests01_RegistrationAndLogin_Mobile.test03_loginInvalidPassword","labels":[{"name":"package","value":"test.Tests01_RegistrationAndLogin_Mobile"},{"name":"testClass","value":"test.Tests01_RegistrationAndLogin_Mobile"},{"name":"testMethod","value":"test03_loginInvalidPassword"},{"name":"parentSuite","value":"Default Suite"},{"name":"suite","value":"BuymeMobileAutomation_Appium"},{"name":"subSuite","value":"test.Tests01_RegistrationAndLogin_Mobile"},{"name":"host","value":"Avishay_Avraham"},{"name":"thread","value":"23880@Avishay_Avraham.main(3)"},{"name":"framework","value":"testng"},{"name":"language","value":"java"}],"links":[],"name":"test03_loginInvalidPassword","status":"broken","statusDetails":{"known":false,"muted":false,"flaky":false,"message":"Cannot invoke \"org.testng.asserts.SoftAssert.assertEquals(String, String, String)\" because \"this.softAssert\" is null","trace":"java.lang.NullPointerException: Cannot invoke \"org.testng.asserts.SoftAssert.assertEquals(String, String, String)\" because \"this.softAssert\" is null\r\n\tat verifications.Verifications.verifyTextEquals(Verifications.java:39)\r\n\tat flows.RegistrationAndLogin_Flows.loginInvalidPassword(RegistrationAndLogin_Flows.java:51)\r\n\tat test.Tests01_RegistrationAndLogin_Mobile.test03_loginInvalidPassword(Tests01_RegistrationAndLogin_Mobile.java:28)\r\n\tat java.base/jdk.internal.reflect.DirectMethodHandleAccessor.invoke(DirectMethodHandleAccessor.java:104)\r\n\tat java.base/java.lang.reflect.Method.invoke(Method.java:565)\r\n\tat org.testng.internal.invokers.MethodInvocationHelper.invokeMethod(MethodInvocationHelper.java:139)\r\n\tat org.testng.internal.invokers.TestInvoker.invokeMethod(TestInvoker.java:664)\r\n\tat org.testng.internal.invokers.TestInvoker.invokeTestMethod(TestInvoker.java:228)\r\n\tat org.testng.internal.invokers.MethodRunner.runInSequence(MethodRunner.java:63)\r\n\tat org.testng.internal.invokers.TestInvoker$MethodInvocationAgent.invoke(TestInvoker.java:961)\r\n\tat org.testng.internal.invokers.TestInvoker.invokeTestMethods(TestInvoker.java:201)\r\n\tat org.testng.internal.invokers.TestMethodWorker.invokeTestMethods(TestMethodWorker.java:148)\r\n\tat org.testng.internal.invokers.TestMethodWorker.run(TestMethodWorker.java:128)\r\n\tat java.base/java.util.ArrayList.forEach(ArrayList.java:1604)\r\n\tat org.testng.TestRunner.privateRun(TestRunner.java:819)\r\n\tat org.testng.TestRunner.run(TestRunner.java:619)\r\n\tat org.testng.SuiteRunner.runTest(SuiteRunner.java:443)\r\n\tat org.testng.SuiteRunner.runSequentially(SuiteRunner.java:437)\r\n\tat org.testng.SuiteRunner.privateRun(SuiteRunner.java:397)\r\n\tat org.testng.SuiteRunner.run(SuiteRunner.java:336)\r\n\tat org.testng.SuiteRunnerWorker.runSuite(SuiteRunnerWorker.java:52)\r\n\tat org.testng.SuiteRunnerWorker.run(SuiteRunnerWorker.java:95)\r\n\tat org.testng.TestNG.runSuitesSequentially(TestNG.java:1301)\r\n\tat org.testng.TestNG.runSuitesLocally(TestNG.java:1228)\r\n\tat org.testng.TestNG.runSuites(TestNG.java:1134)\r\n\tat org.testng.TestNG.run(TestNG.java:1101)\r\n\tat com.intellij.rt.testng.IDEARemoteTestNG.run(IDEARemoteTestNG.java:65)\r\n\tat com.intellij.rt.testng.RemoteTestNGStarter.main(RemoteTestNGStarter.java:105)\r\n"},"stage":"finished","steps":[{"name":"Close popup","status":"passed","stage":"finished","steps":[],"attachments":[],"parameters":[],"start":1749998776877,"stop":1749998798765},{"name":"Click - \"Login\" - button","status":"passed","stage":"finished","steps":[],"attachments":[],"parameters":[],"start":1749998798765,"stop":1749998801348},{"name":"Select - register by google","status":"passed","stage":"finished","steps":[],"attachments":[],"parameters":[],"start":1749998801348,"stop":1749998803068},{"name":"Select - register by google","status":"passed","stage":"finished","steps":[],"attachments":[],"parameters":[{"name":"emailAccount","value":"Avishay2011@gmail.com"}],"start":1749998803071,"stop":1749998806340},{"name":"Click enter button ","status":"passed","stage":"finished","steps":[],"attachments":[],"parameters":[],"start":1749998806340,"stop":1749998808009},{"name":"Click enter button ","status":"passed","stage":"finished","steps":[],"attachments":[],"parameters":[],"start":1749998808009,"stop":1749998810324},{"name":"getTextInvalidPasswordErrorMessage","status":"passed","stage":"finished","steps":[],"attachments":[{"name":"Text from element","source":"e40c3350-4ce6-4674-8963-df7fa0b162d0-attachment.txt","type":"text/plain"}],"parameters":[],"start":1749998810325,"stop":1749998812315},{"name":"Verify text equals : {elementName}","status":"broken","statusDetails":{"known":false,"muted":false,"flaky":false,"message":"Cannot invoke \"org.testng.asserts.SoftAssert.assertEquals(String, String, String)\" because \"this.softAssert\" is null","trace":"java.lang.NullPointerException: Cannot invoke \"org.testng.asserts.SoftAssert.assertEquals(String, String, String)\" because \"this.softAssert\" is null\r\n\tat verifications.Verifications.verifyTextEquals(Verifications.java:39)\r\n\tat flows.RegistrationAndLogin_Flows.loginInvalidPassword(RegistrationAndLogin_Flows.java:51)\r\n\tat test.Tests01_RegistrationAndLogin_Mobile.test03_loginInvalidPassword(Tests01_RegistrationAndLogin_Mobile.java:28)\r\n\tat java.base/jdk.internal.reflect.DirectMethodHandleAccessor.invoke(DirectMethodHandleAccessor.java:104)\r\n\tat java.base/java.lang.reflect.Method.invoke(Method.java:565)\r\n\tat org.testng.internal.invokers.MethodInvocationHelper.invokeMethod(MethodInvocationHelper.java:139)\r\n\tat org.testng.internal.invokers.TestInvoker.invokeMethod(TestInvoker.java:664)\r\n\tat org.testng.internal.invokers.TestInvoker.invokeTestMethod(TestInvoker.java:228)\r\n\tat org.testng.internal.invokers.MethodRunner.runInSequence(MethodRunner.java:63)\r\n\tat org.testng.internal.invokers.TestInvoker$MethodInvocationAgent.invoke(TestInvoker.java:961)\r\n\tat org.testng.internal.invokers.TestInvoker.invokeTestMethods(TestInvoker.java:201)\r\n\tat org.testng.internal.invokers.TestMethodWorker.invokeTestMethods(TestMethodWorker.java:148)\r\n\tat org.testng.internal.invokers.TestMethodWorker.run(TestMethodWorker.java:128)\r\n\tat java.base/java.util.ArrayList.forEach(ArrayList.java:1604)\r\n\tat org.testng.TestRunner.privateRun(TestRunner.java:819)\r\n\tat org.testng.TestRunner.run(TestRunner.java:619)\r\n\tat org.testng.SuiteRunner.runTest(SuiteRunner.java:443)\r\n\tat org.testng.SuiteRunner.runSequentially(SuiteRunner.java:437)\r\n\tat org.testng.SuiteRunner.privateRun(SuiteRunner.java:397)\r\n\tat org.testng.SuiteRunner.run(SuiteRunner.java:336)\r\n\tat org.testng.SuiteRunnerWorker.runSuite(SuiteRunnerWorker.java:52)\r\n\tat org.testng.SuiteRunnerWorker.run(SuiteRunnerWorker.java:95)\r\n\tat org.testng.TestNG.runSuitesSequentially(TestNG.java:1301)\r\n\tat org.testng.TestNG.runSuitesLocally(TestNG.java:1228)\r\n\tat org.testng.TestNG.runSuites(TestNG.java:1134)\r\n\tat org.testng.TestNG.run(TestNG.java:1101)\r\n\tat com.intellij.rt.testng.IDEARemoteTestNG.run(IDEARemoteTestNG.java:65)\r\n\tat com.intellij.rt.testng.RemoteTestNGStarter.main(RemoteTestNGStarter.java:105)\r\n"},"stage":"finished","steps":[{"name":"Expected :קוד שגוי, יש לנסות שוב","status":"passed","stage":"finished","steps":[],"attachments":[],"parameters":[],"start":1749998812316,"stop":1749998812316},{"name":"Actual :קוד שגוי, יש לנסות שוב","status":"passed","stage":"finished","steps":[],"attachments":[],"parameters":[],"start":1749998812316,"stop":1749998812316}],"attachments":[],"parameters":[{"name":"actual","value":"קוד שגוי, יש לנסות שוב"},{"name":"expected","value":"קוד שגוי, יש לנסות שוב"},{"name":"description","value":"Check WrongError message is correct "}],"start":1749998812316,"stop":1749998812316}],"attachments":[],"parameters":[],"start":1749998776876,"stop":1749998812316}